<?xml version="1.0" encoding="UTF-8"?>
<!-- Generated by org.testng.reporters.JUnitReportReporter -->
<testsuite hostname="DESKTOP-8GQ3KA3" failures="0" tests="2" name="runner.TestngRunner" time="34.747" errors="0" timestamp="2023-10-01T08:16:06 IST" skipped="0">
  <testcase classname="runner.TestngRunner" name="runScenario" time="10.889"/>
  <testcase classname="runner.TestngRunner" name="runScenario" time="23.858"/>
</testsuite> <!-- runner.TestngRunner -->
